2 1641688744: Connection to SQL server established
2 1641688744: Table with name (SensorData) opened successully
2 1641688745: Successfully cleared table
1 1641688747: A sensor node with id: 0 has opened a new connection
1 1641688747: A sensor node with id: 1 has opened a new connection
1 1641688747: A sensor node with id: 2 has opened a new connection
1 1641688747: A sensor node with id: 3 has opened a new connection
1 1641688747: A sensor node with id: 4 has opened a new connection
3 1641688747: The sensor node wtih id: 3 reports it's too hot (running avg temperature = 45.633574)
2 1641688747: Successfully registered new entry of SensorID: 0
2 1641688747: Successfully registered new entry of SensorID: 3
2 1641688747: Successfully registered new entry of SensorID: 2
2 1641688747: Successfully registered new entry of SensorID: 1
2 1641688747: Successfully registered new entry of SensorID: 4
2 1641688750: Successfully registered new entry of SensorID: 0
2 1641688750: Successfully registered new entry of SensorID: 3
2 1641688750: Successfully registered new entry of SensorID: 2
2 1641688750: Successfully registered new entry of SensorID: 1
2 1641688750: Successfully registered new entry of SensorID: 4
2 1641688753: Successfully registered new entry of SensorID: 0
2 1641688753: Successfully registered new entry of SensorID: 3
2 1641688753: Successfully registered new entry of SensorID: 2
2 1641688753: Successfully registered new entry of SensorID: 1
2 1641688753: Successfully registered new entry of SensorID: 4
2 1641688756: Successfully registered new entry of SensorID: 0
2 1641688756: Successfully registered new entry of SensorID: 3
2 1641688756: Successfully registered new entry of SensorID: 2
2 1641688756: Successfully registered new entry of SensorID: 1
2 1641688756: Successfully registered new entry of SensorID: 4
2 1641688759: Successfully registered new entry of SensorID: 0
2 1641688759: Successfully registered new entry of SensorID: 3
2 1641688759: Successfully registered new entry of SensorID: 2
2 1641688759: Successfully registered new entry of SensorID: 1
2 1641688759: Successfully registered new entry of SensorID: 4
2 1641688762: Successfully registered new entry of SensorID: 0
2 1641688762: Successfully registered new entry of SensorID: 3
2 1641688762: Successfully registered new entry of SensorID: 2
2 1641688762: Successfully registered new entry of SensorID: 1
2 1641688762: Successfully registered new entry of SensorID: 4
2 1641688765: Successfully registered new entry of SensorID: 0
2 1641688765: Successfully registered new entry of SensorID: 3
2 1641688765: Successfully registered new entry of SensorID: 2
2 1641688765: Successfully registered new entry of SensorID: 1
2 1641688765: Successfully registered new entry of SensorID: 4
2 1641688768: Successfully registered new entry of SensorID: 0
2 1641688768: Successfully registered new entry of SensorID: 3
2 1641688768: Successfully registered new entry of SensorID: 2
2 1641688768: Successfully registered new entry of SensorID: 1
2 1641688768: Successfully registered new entry of SensorID: 4
2 1641688771: Successfully registered new entry of SensorID: 0
2 1641688771: Successfully registered new entry of SensorID: 3
2 1641688771: Successfully registered new entry of SensorID: 2
2 1641688771: Successfully registered new entry of SensorID: 1
2 1641688771: Successfully registered new entry of SensorID: 4
2 1641688774: Successfully registered new entry of SensorID: 0
2 1641688774: Successfully registered new entry of SensorID: 3
2 1641688774: Successfully registered new entry of SensorID: 2
2 1641688774: Successfully registered new entry of SensorID: 1
2 1641688774: Successfully registered new entry of SensorID: 4
2 1641688777: Successfully registered new entry of SensorID: 0
2 1641688777: Successfully registered new entry of SensorID: 3
2 1641688777: Successfully registered new entry of SensorID: 2
2 1641688777: Successfully registered new entry of SensorID: 1
2 1641688777: Successfully registered new entry of SensorID: 4
2 1641688780: Successfully registered new entry of SensorID: 0
2 1641688780: Successfully registered new entry of SensorID: 3
2 1641688780: Successfully registered new entry of SensorID: 2
2 1641688780: Successfully registered new entry of SensorID: 1
2 1641688780: Successfully registered new entry of SensorID: 4
2 1641688783: Successfully registered new entry of SensorID: 0
2 1641688783: Successfully registered new entry of SensorID: 3
2 1641688783: Successfully registered new entry of SensorID: 2
2 1641688783: Successfully registered new entry of SensorID: 1
2 1641688783: Successfully registered new entry of SensorID: 4
2 1641688786: Successfully registered new entry of SensorID: 0
2 1641688786: Successfully registered new entry of SensorID: 3
2 1641688786: Successfully registered new entry of SensorID: 2
2 1641688786: Successfully registered new entry of SensorID: 1
2 1641688786: Successfully registered new entry of SensorID: 4
2 1641688789: Successfully registered new entry of SensorID: 0
2 1641688789: Successfully registered new entry of SensorID: 3
2 1641688789: Successfully registered new entry of SensorID: 2
2 1641688789: Successfully registered new entry of SensorID: 1
2 1641688789: Successfully registered new entry of SensorID: 4
2 1641688792: Successfully registered new entry of SensorID: 0
2 1641688792: Successfully registered new entry of SensorID: 3
2 1641688792: Successfully registered new entry of SensorID: 2
2 1641688792: Successfully registered new entry of SensorID: 1
2 1641688792: Successfully registered new entry of SensorID: 4
2 1641688795: Successfully registered new entry of SensorID: 0
2 1641688795: Successfully registered new entry of SensorID: 3
2 1641688795: Successfully registered new entry of SensorID: 2
2 1641688795: Successfully registered new entry of SensorID: 1
2 1641688795: Successfully registered new entry of SensorID: 4
2 1641688798: Successfully registered new entry of SensorID: 0
2 1641688798: Successfully registered new entry of SensorID: 3
2 1641688798: Successfully registered new entry of SensorID: 2
2 1641688798: Successfully registered new entry of SensorID: 1
2 1641688798: Successfully registered new entry of SensorID: 4
2 1641688801: Successfully registered new entry of SensorID: 0
2 1641688801: Successfully registered new entry of SensorID: 3
2 1641688801: Successfully registered new entry of SensorID: 2
2 1641688801: Successfully registered new entry of SensorID: 1
2 1641688801: Successfully registered new entry of SensorID: 4
2 1641688804: Successfully registered new entry of SensorID: 0
2 1641688804: Successfully registered new entry of SensorID: 3
2 1641688804: Successfully registered new entry of SensorID: 2
2 1641688804: Successfully registered new entry of SensorID: 1
2 1641688804: Successfully registered new entry of SensorID: 4
2 1641688807: Successfully registered new entry of SensorID: 0
2 1641688807: Successfully registered new entry of SensorID: 3
2 1641688807: Successfully registered new entry of SensorID: 2
2 1641688807: Successfully registered new entry of SensorID: 1
2 1641688807: Successfully registered new entry of SensorID: 4
2 1641688810: Successfully registered new entry of SensorID: 0
2 1641688810: Successfully registered new entry of SensorID: 3
2 1641688810: Successfully registered new entry of SensorID: 2
2 1641688810: Successfully registered new entry of SensorID: 1
2 1641688810: Successfully registered new entry of SensorID: 4
2 1641688813: Successfully registered new entry of SensorID: 0
2 1641688813: Successfully registered new entry of SensorID: 3
2 1641688813: Successfully registered new entry of SensorID: 2
2 1641688813: Successfully registered new entry of SensorID: 1
2 1641688813: Successfully registered new entry of SensorID: 4
2 1641688816: Successfully registered new entry of SensorID: 0
2 1641688816: Successfully registered new entry of SensorID: 3
2 1641688816: Successfully registered new entry of SensorID: 2
2 1641688816: Successfully registered new entry of SensorID: 1
2 1641688816: Successfully registered new entry of SensorID: 4
2 1641688819: Successfully registered new entry of SensorID: 0
2 1641688819: Successfully registered new entry of SensorID: 3
2 1641688819: Successfully registered new entry of SensorID: 2
2 1641688819: Successfully registered new entry of SensorID: 1
2 1641688819: Successfully registered new entry of SensorID: 4
2 1641688822: Successfully registered new entry of SensorID: 0
2 1641688822: Successfully registered new entry of SensorID: 3
2 1641688822: Successfully registered new entry of SensorID: 2
2 1641688822: Successfully registered new entry of SensorID: 1
2 1641688822: Successfully registered new entry of SensorID: 4
2 1641688825: Successfully registered new entry of SensorID: 0
2 1641688825: Successfully registered new entry of SensorID: 3
2 1641688825: Successfully registered new entry of SensorID: 2
2 1641688825: Successfully registered new entry of SensorID: 1
2 1641688825: Successfully registered new entry of SensorID: 4
2 1641688828: Successfully registered new entry of SensorID: 0
2 1641688828: Successfully registered new entry of SensorID: 3
2 1641688828: Successfully registered new entry of SensorID: 2
2 1641688828: Successfully registered new entry of SensorID: 1
2 1641688828: Successfully registered new entry of SensorID: 4
2 1641688831: Successfully registered new entry of SensorID: 0
2 1641688831: Successfully registered new entry of SensorID: 3
2 1641688831: Successfully registered new entry of SensorID: 2
2 1641688831: Successfully registered new entry of SensorID: 1
2 1641688831: Successfully registered new entry of SensorID: 4
2 1641688834: Successfully registered new entry of SensorID: 0
2 1641688834: Successfully registered new entry of SensorID: 3
2 1641688834: Successfully registered new entry of SensorID: 2
2 1641688834: Successfully registered new entry of SensorID: 1
2 1641688834: Successfully registered new entry of SensorID: 4
1 1641688836: A sensor node with id: 4 has closed the connection
1 1641688836: A sensor node with id: 0 has closed the connection
1 1641688836: A sensor node with id: 1 has closed the connection
1 1641688836: A sensor node with id: 2 has closed the connection
1 1641688836: A sensor node with id: 3 has closed the connection
1 1641688846: Connmgr Destroyed Successfully
2 1641688846: Successfully disconnected the Sensor.db database
